[2026-06-16T14:58:55.271Z] {"timestamp":1781621933255,"level":"DEBUG","args":["[Manus] Debug collector initialized (no rrweb, UI events only)"],"stack":null}
[2026-06-16T14:58:55.271Z] {"timestamp":1781621933450,"level":"DEBUG","args":["[vite] connected."],"stack":null}
[2026-06-16T15:00:26.855Z] {"timestamp":1781622024834,"level":"DEBUG","args":["[Manus] Debug collector initialized (no rrweb, UI events only)"],"stack":null}
[2026-06-16T15:00:26.855Z] {"timestamp":1781622024844,"level":"DEBUG","args":["[vite] connected."],"stack":null}
[2026-06-16T15:01:05.156Z] {"timestamp":1781622064871,"level":"DEBUG","args":["[vite]","hot updated: /src/components/GlobalNav.tsx"],"stack":null}
[2026-06-16T15:01:05.156Z] {"timestamp":1781622064871,"level":"DEBUG","args":["[vite]","hot updated: /src/index.css"],"stack":null}
[2026-06-16T15:01:15.885Z] {"timestamp":1781622073879,"level":"DEBUG","args":["[Manus] Debug collector initialized (no rrweb, UI events only)"],"stack":null}
[2026-06-16T15:01:15.885Z] {"timestamp":1781622073888,"level":"DEBUG","args":["[vite] connected."],"stack":null}
[2026-06-16T15:01:15.885Z] {"timestamp":1781622075766,"level":"DEBUG","args":["[vite]","hot updated: /src/components/GlobalNav.tsx"],"stack":null}
[2026-06-16T15:01:15.885Z] {"timestamp":1781622075766,"level":"DEBUG","args":["[vite]","hot updated: /src/index.css"],"stack":null}
[2026-06-16T15:03:35.303Z] {"timestamp":1781622213293,"level":"DEBUG","args":["[Manus] Debug collector initialized (no rrweb, UI events only)"],"stack":null}
[2026-06-16T15:03:35.303Z] {"timestamp":1781622213306,"level":"DEBUG","args":["[vite] connected."],"stack":null}
[2026-06-16T15:05:28.892Z] {"timestamp":1781622326881,"level":"DEBUG","args":["[Manus] Debug collector initialized (no rrweb, UI events only)"],"stack":null}
[2026-06-16T15:05:28.892Z] {"timestamp":1781622326885,"level":"DEBUG","args":["[vite] connected."],"stack":null}
[2026-06-16T15:07:04.760Z] {"timestamp":1781622424720,"level":"DEBUG","args":["[vite]","hot updated: /src/pages/Home.tsx"],"stack":null}
[2026-06-16T15:07:04.760Z] {"timestamp":1781622424720,"level":"DEBUG","args":["[vite]","hot updated: /src/index.css"],"stack":null}
[2026-06-16T15:07:06.763Z] {"timestamp":1781622425189,"level":"DEBUG","args":["[vite]","hot updated: /src/pages/Home.tsx"],"stack":null}
[2026-06-16T15:07:06.764Z] {"timestamp":1781622425189,"level":"DEBUG","args":["[vite]","hot updated: /src/index.css"],"stack":null}
[2026-06-16T15:07:08.764Z] {"timestamp":1781622428395,"level":"DEBUG","args":["[vite]","hot updated: /src/pages/Home.tsx"],"stack":null}
[2026-06-16T15:07:08.764Z] {"timestamp":1781622428395,"level":"DEBUG","args":["[vite]","hot updated: /src/index.css"],"stack":null}
[2026-06-16T15:07:18.769Z] {"timestamp":1781622437390,"level":"DEBUG","args":["[vite]","hot updated: /src/pages/Home.tsx"],"stack":null}
[2026-06-16T15:07:18.769Z] {"timestamp":1781622437390,"level":"DEBUG","args":["[vite]","hot updated: /src/index.css"],"stack":null}
[2026-06-16T15:10:31.057Z] {"timestamp":1781622629051,"level":"DEBUG","args":["[Manus] Debug collector initialized (no rrweb, UI events only)"],"stack":null}
[2026-06-16T15:10:31.057Z] {"timestamp":1781622629061,"level":"DEBUG","args":["[vite] connected."],"stack":null}
[2026-06-16T15:10:43.145Z] {"timestamp":1781622641136,"level":"DEBUG","args":["[Manus] Debug collector initialized (no rrweb, UI events only)"],"stack":null}
[2026-06-16T15:10:43.145Z] {"timestamp":1781622641145,"level":"DEBUG","args":["[vite] connected."],"stack":null}
[2026-06-16T15:11:02.711Z] {"timestamp":1781622660676,"level":"DEBUG","args":["[Manus] Debug collector initialized (no rrweb, UI events only)"],"stack":null}
[2026-06-16T15:11:02.711Z] {"timestamp":1781622660685,"level":"DEBUG","args":["[vite] connected."],"stack":null}
[2026-06-16T15:12:52.388Z] {"timestamp":1781622770389,"level":"DEBUG","args":["[vite]","hot updated: /src/pages/Home.tsx"],"stack":null}
[2026-06-16T15:12:52.388Z] {"timestamp":1781622770390,"level":"DEBUG","args":["[vite]","hot updated: /src/index.css"],"stack":null}
[2026-06-16T15:20:51.252Z] {"timestamp":1781623248937,"level":"DEBUG","args":["[vite]","hot updated: /src/pages/Home.tsx"],"stack":null}
[2026-06-16T15:20:51.252Z] {"timestamp":1781623248937,"level":"DEBUG","args":["[vite]","hot updated: /src/index.css"],"stack":null}
[2026-06-16T15:20:51.252Z] {"timestamp":1781623249493,"level":"DEBUG","args":["[vite]","hot updated: /src/pages/Home.tsx"],"stack":null}
[2026-06-16T15:20:51.252Z] {"timestamp":1781623249493,"level":"DEBUG","args":["[vite]","hot updated: /src/index.css"],"stack":null}
[2026-06-16T15:22:42.206Z] {"timestamp":1781623360334,"level":"DEBUG","args":["[vite]","hot updated: /src/pages/Home.tsx"],"stack":null}
[2026-06-16T15:22:42.206Z] {"timestamp":1781623360334,"level":"DEBUG","args":["[vite]","hot updated: /src/index.css"],"stack":null}
[2026-06-16T15:23:20.256Z] {"timestamp":1781623399069,"level":"DEBUG","args":["[vite]","hot updated: /src/pages/Home.tsx"],"stack":null}
[2026-06-16T15:23:20.256Z] {"timestamp":1781623399069,"level":"DEBUG","args":["[vite]","hot updated: /src/index.css"],"stack":null}
[2026-06-16T15:23:22.256Z] {"timestamp":1781623400822,"level":"DEBUG","args":["[vite]","hot updated: /src/pages/Classes.tsx"],"stack":null}
[2026-06-16T15:23:22.256Z] {"timestamp":1781623400822,"level":"DEBUG","args":["[vite]","hot updated: /src/index.css"],"stack":null}
[2026-06-16T15:23:24.473Z] {"timestamp":1781623402470,"level":"DEBUG","args":["[Manus] Debug collector initialized (no rrweb, UI events only)"],"stack":null}
[2026-06-16T15:23:24.473Z] {"timestamp":1781623402476,"level":"DEBUG","args":["[vite] connected."],"stack":null}
[2026-06-16T15:24:30.270Z] {"timestamp":1781623469372,"level":"DEBUG","args":["[vite]","hot updated: /src/pages/Home.tsx"],"stack":null}
[2026-06-16T15:24:30.270Z] {"timestamp":1781623469372,"level":"DEBUG","args":["[vite]","hot updated: /src/index.css"],"stack":null}
[2026-06-16T15:26:28.466Z] {"timestamp":1781623586463,"level":"DEBUG","args":["[Manus] Debug collector initialized (no rrweb, UI events only)"],"stack":null}
[2026-06-16T15:26:28.466Z] {"timestamp":1781623586473,"level":"DEBUG","args":["[vite] connected."],"stack":null}
[2026-06-16T15:27:02.729Z] {"timestamp":1781623620705,"level":"DEBUG","args":["[Manus] Debug collector initialized (no rrweb, UI events only)"],"stack":null}
[2026-06-16T15:27:02.729Z] {"timestamp":1781623620717,"level":"DEBUG","args":["[vite] connected."],"stack":null}
[2026-06-16T15:27:41.265Z] {"timestamp":1781623660988,"level":"DEBUG","args":["[vite]","hot updated: /src/pages/Home.tsx"],"stack":null}
[2026-06-16T15:27:41.265Z] {"timestamp":1781623660988,"level":"DEBUG","args":["[vite]","hot updated: /src/index.css"],"stack":null}
[2026-06-16T15:29:39.051Z] {"timestamp":1781623777043,"level":"DEBUG","args":["[Manus] Debug collector initialized (no rrweb, UI events only)"],"stack":null}
[2026-06-16T15:29:39.051Z] {"timestamp":1781623777054,"level":"DEBUG","args":["[vite] connected."],"stack":null}
[2026-06-16T15:29:42.655Z] {"timestamp":1781623780631,"level":"DEBUG","args":["[Manus] Debug collector initialized (no rrweb, UI events only)"],"stack":null}
[2026-06-16T15:29:42.655Z] {"timestamp":1781623780642,"level":"DEBUG","args":["[vite] connected."],"stack":null}
[2026-06-16T15:29:46.642Z] {"timestamp":1781623784951,"level":"DEBUG","args":["[vite]","hot updated: /src/pages/BecomeAnAffiliate.tsx"],"stack":null}
[2026-06-16T15:29:46.642Z] {"timestamp":1781623784951,"level":"DEBUG","args":["[vite]","hot updated: /src/index.css"],"stack":null}
[2026-06-16T15:29:46.642Z] {"timestamp":1781623784976,"level":"ERROR","args":["%o\n\n%s\n\n%s\n",{"type":"Error","message":"Can't find variable: ChevronDown","stack":"@http://localhost:3000/src/pages/BecomeAnAffiliate.tsx:309:47\nmap@[native code]\nAffiliateApplicationForm@http://localhost:3000/src/pages/BecomeAnAffiliate.tsx:307:177\nreact_stack_bottom_frame@http://localhost:3000/@fs/Users/spyder/work/metFixSites/metfix-redesign/node_modules/.vite/deps/react-dom_client.js:18509:29\nrenderWithHooks@http://localhost:3000/@fs/Users/spyder/work/metFixSites/metfix-redesign/node_modules/.vite/deps/react-dom_client.js:5654:42\nupdateFunctionComponent@http://localhost:3000/@fs/Users/spyder/work/metFixSites/metfix-redesign/node_modules/.vite/deps/react-dom_client.js:7475:36\nrunWithFiberInDEV@http://localhost:3000/@fs/Users/spyder/work/metFixSites/metfix-redesign/node_modules/.vite/deps/react-dom_client.js:999:23\nperformUnitOfWork@http://localhost:3000/@fs/Users/spyder/work/metFixSites/metfix-redesign/node_modules/.vite/deps/react-dom_client.js:12561:115\nworkLoopSync@http://localhost:3000/@fs/Users/spyder/work/metFixSites/metfix-redesign/node_modules/.vite/deps/react-dom_client.js:12424:60\nrenderRootSync@http://localhost:3000/@fs/Users/spyder/work/metFixSites/metfix-redesign/node_modules/.vite/deps/react-dom_client.js:12408:25\nperformWorkOnRoot@http://localhost:3000/@fs/Users/spyder/work/metFixSites/metfix-redesign/node_modules/.vite/deps/react-dom_client.js:11827:51\nperformSyncWorkOnRoot@http://localhost:3000/@fs/Users/spyder/work/metFixSites/metfix-redesign/node_modules/.vite/deps/react-dom_client.js:13517:26\nflushSyncWorkAcrossRoots_impl@http://localhost:3000/@fs/Users/spyder/work/metFixSites/metfix-redesign/node_modules/.vite/deps/react-dom_client.js:13414:143\nflushSyncWork$1@http://localhost:3000/@fs/Users/spyder/work/metFixSites/metfix-redesign/node_modules/.vite/deps/react-dom_client.js:12076:115\nscheduleRefresh@http://localhost:3000/@fs/Users/spyder/work/metFixSites/metfix-redesign/node_modules/.vite/deps/react-dom_client.js:372:26\n@http://localhost:3000/@react-refresh:228:32\nforEach@[native code]\nperformReactRefresh@http://localhost:3000/@react-refresh:217:33\n@http://localhost:3000/@react-refresh:604:22\n@http://localhost:3000/@react-refresh:602:39"},"The above error occurred in the <AffiliateApplicationForm> component.","React will try to recreate this component tree from scratch using the error boundary you provided, ErrorBoundary."],"stack":"@http://localhost:3000/__manus__/debug-collector.js:391:46\ndefaultOnCaughtError@http://localhost:3000/@fs/Users/spyder/work/metFixSites/metfix-redesign/node_modules/.vite/deps/react-dom_client.js:7001:24\nlogCaughtError@http://localhost:3000/@fs/Users/spyder/work/metFixSites/metfix-redesign/node_modules/.vite/deps/react-dom_client.js:7033:24\nrunWithFiberInDEV@http://localhost:3000/@fs/Users/spyder/work/metFixSites/metfix-redesign/node_modules/.vite/deps/react-dom_client.js:999:23\n@http://localhost:3000/@fs/Users/spyder/work/metFixSites/metfix-redesign/node_modules/.vite/deps/react-dom_client.js:7066:30\ncallCallback@http://localhost:3000/@fs/Users/spyder/work/metFixSites/metfix-redesign/node_modules/.vite/deps/react-dom_client.js:5491:22\ncommitCallbacks@http://localhost:3000/@fs/Users/spyder/work/metFixSites/metfix-redesign/node_modules/.vite/deps/react-dom_client.js:5503:25\nrunWithFiberInDEV@http://localhost:3000/@fs/Users/spyder/work/metFixSites/metfix-redesign/node_modules/.vite/deps/react-dom_client.js:999:23\ncommitClassCallbacks@http://localhost:3000/@fs/Users/spyder/work/metFixSites/metfix-redesign/node_modules/.vite/deps/react-dom_client.js:9490:30\ncommitLayoutEffectOnFiber@http://localhost:3000/@fs/Users/spyder/work/metFixSites/metfix-redesign/node_modules/.vite/deps/react-dom_client.js:9958:47\nrecursivelyTraverseLayoutEffects@http://localhost:3000/@fs/Users/spyder/work/metFixSites/metfix-redesign/node_modules/.vite/deps/react-dom_client.js:10792:38\ncommitLayoutEffectOnFiber@http://localhost:3000/@fs/Users/spyder/work/metFixSites/metfix-redesign/node_modules/.vite/deps/react-dom_client.js:9903:45\nrecursivelyTraverseLayoutEffects@http://localhost:3000/@fs/Users/spyder/work/metFixSites/metfix-redesign/node_modules/.vite/deps/react-dom_client.js:10792:38\ncommitLayoutEffectOnFiber@http://localhost:3000/@fs/Users/spyder/work/metFixSites/metfix-redesign/node_modules/.vite/deps/react-dom_client.js:9963:45\nflushLayoutEffects@http://localhost:3000/@fs/Users/spyder/work/metFixSites/metfix-redesign/node_modules/.vite/deps/react-dom_client.js:12924:145\ncommitRoot@http://localhost:3000/@fs/Users/spyder/work/metFixSites/metfix-redesign/node_modules/.vite/deps/react-dom_client.js:12803:29\ncommitRootWhenReady@http://localhost:3000/@fs/Users/spyder/work/metFixSites/metfix-redesign/node_modules/.vite/deps/react-dom_client.js:12016:19\nperformWorkOnRoot@http://localhost:3000/@fs/Users/spyder/work/metFixSites/metfix-redesign/node_modules/.vite/deps/react-dom_client.js:11950:36\nperformSyncWorkOnRoot@http://localhost:3000/@fs/Users/spyder/work/metFixSites/metfix-redesign/node_modules/.vite/deps/react-dom_client.js:13517:26\nflushSyncWorkAcrossRoots_impl@http://localhost:3000/@fs/Users/spyder/work/metFixSites/metfix-redesign/node_modules/.vite/deps/react-dom_client.js:13414:143\nflushSyncWork$1@http://localhost:3000/@fs/Users/spyder/work/metFixSites/metfix-redesign/node_modules/.vite/deps/react-dom_client.js:12076:115\nscheduleRefresh@http://localhost:3000/@fs/Users/spyder/work/metFixSites/metfix-redesign/node_modules/.vite/deps/react-dom_client.js:372:26\n@http://localhost:3000/@react-refresh:228:32\nforEach@[native code]\nperformReactRefresh@http://localhost:3000/@react-refresh:217:33\n@http://localhost:3000/@react-refresh:604:22\n@http://localhost:3000/@react-refresh:602:39"}
[2026-06-16T15:30:02.085Z] {"timestamp":1781623800082,"level":"DEBUG","args":["[Manus] Debug collector initialized (no rrweb, UI events only)"],"stack":null}
[2026-06-16T15:30:02.085Z] {"timestamp":1781623800087,"level":"DEBUG","args":["[vite] connected."],"stack":null}
[2026-06-16T15:30:02.085Z] {"timestamp":1781623800132,"level":"ERROR","args":["%o\n\n%s\n\n%s\n",{"type":"Error","message":"Can't find variable: ChevronDown","stack":"@http://localhost:3000/src/pages/BecomeAnAffiliate.tsx:309:47\nmap@[native code]\nAffiliateApplicationForm@http://localhost:3000/src/pages/BecomeAnAffiliate.tsx:307:177\nreact_stack_bottom_frame@http://localhost:3000/@fs/Users/spyder/work/metFixSites/metfix-redesign/node_modules/.vite/deps/react-dom_client.js:18509:29\nrenderWithHooks@http://localhost:3000/@fs/Users/spyder/work/metFixSites/metfix-redesign/node_modules/.vite/deps/react-dom_client.js:5654:42\nupdateFunctionComponent@http://localhost:3000/@fs/Users/spyder/work/metFixSites/metfix-redesign/node_modules/.vite/deps/react-dom_client.js:7475:36\nrunWithFiberInDEV@http://localhost:3000/@fs/Users/spyder/work/metFixSites/metfix-redesign/node_modules/.vite/deps/react-dom_client.js:999:23\nperformUnitOfWork@http://localhost:3000/@fs/Users/spyder/work/metFixSites/metfix-redesign/node_modules/.vite/deps/react-dom_client.js:12561:115\nworkLoopSync@http://localhost:3000/@fs/Users/spyder/work/metFixSites/metfix-redesign/node_modules/.vite/deps/react-dom_client.js:12424:60\nrenderRootSync@http://localhost:3000/@fs/Users/spyder/work/metFixSites/metfix-redesign/node_modules/.vite/deps/react-dom_client.js:12408:25\nperformWorkOnRoot@http://localhost:3000/@fs/Users/spyder/work/metFixSites/metfix-redesign/node_modules/.vite/deps/react-dom_client.js:11827:51\nperformWorkOnRootViaSchedulerTask@http://localhost:3000/@fs/Users/spyder/work/metFixSites/metfix-redesign/node_modules/.vite/deps/react-dom_client.js:13505:26\nperformWorkUntilDeadline@http://localhost:3000/@fs/Users/spyder/work/metFixSites/metfix-redesign/node_modules/.vite/deps/react-dom_client.js:36:58"},"The above error occurred in the <AffiliateApplicationForm> component.","React will try to recreate this component tree from scratch using the error boundary you provided, ErrorBoundary."],"stack":"@http://localhost:3000/__manus__/debug-collector.js:391:46\ndefaultOnCaughtError@http://localhost:3000/@fs/Users/spyder/work/metFixSites/metfix-redesign/node_modules/.vite/deps/react-dom_client.js:7001:24\nlogCaughtError@http://localhost:3000/@fs/Users/spyder/work/metFixSites/metfix-redesign/node_modules/.vite/deps/react-dom_client.js:7033:24\nrunWithFiberInDEV@http://localhost:3000/@fs/Users/spyder/work/metFixSites/metfix-redesign/node_modules/.vite/deps/react-dom_client.js:999:23\n@http://localhost:3000/@fs/Users/spyder/work/metFixSites/metfix-redesign/node_modules/.vite/deps/react-dom_client.js:7066:30\ncallCallback@http://localhost:3000/@fs/Users/spyder/work/metFixSites/metfix-redesign/node_modules/.vite/deps/react-dom_client.js:5491:22\ncommitCallbacks@http://localhost:3000/@fs/Users/spyder/work/metFixSites/metfix-redesign/node_modules/.vite/deps/react-dom_client.js:5503:25\nrunWithFiberInDEV@http://localhost:3000/@fs/Users/spyder/work/metFixSites/metfix-redesign/node_modules/.vite/deps/react-dom_client.js:999:23\ncommitClassCallbacks@http://localhost:3000/@fs/Users/spyder/work/metFixSites/metfix-redesign/node_modules/.vite/deps/react-dom_client.js:9490:30\ncommitLayoutEffectOnFiber@http://localhost:3000/@fs/Users/spyder/work/metFixSites/metfix-redesign/node_modules/.vite/deps/react-dom_client.js:9958:47\nrecursivelyTraverseLayoutEffects@http://localhost:3000/@fs/Users/spyder/work/metFixSites/metfix-redesign/node_modules/.vite/deps/react-dom_client.js:10792:38\ncommitLayoutEffectOnFiber@http://localhost:3000/@fs/Users/spyder/work/metFixSites/metfix-redesign/node_modules/.vite/deps/react-dom_client.js:9903:45\nrecursivelyTraverseLayoutEffects@http://localhost:3000/@fs/Users/spyder/work/metFixSites/metfix-redesign/node_modules/.vite/deps/react-dom_client.js:10792:38\ncommitLayoutEffectOnFiber@http://localhost:3000/@fs/Users/spyder/work/metFixSites/metfix-redesign/node_modules/.vite/deps/react-dom_client.js:9963:45\nflushLayoutEffects@http://localhost:3000/@fs/Users/spyder/work/metFixSites/metfix-redesign/node_modules/.vite/deps/react-dom_client.js:12924:145\ncommitRoot@http://localhost:3000/@fs/Users/spyder/work/metFixSites/metfix-redesign/node_modules/.vite/deps/react-dom_client.js:12803:29\ncommitRootWhenReady@http://localhost:3000/@fs/Users/spyder/work/metFixSites/metfix-redesign/node_modules/.vite/deps/react-dom_client.js:12016:19\nperformWorkOnRoot@http://localhost:3000/@fs/Users/spyder/work/metFixSites/metfix-redesign/node_modules/.vite/deps/react-dom_client.js:11950:36\nperformWorkOnRootViaSchedulerTask@http://localhost:3000/@fs/Users/spyder/work/metFixSites/metfix-redesign/node_modules/.vite/deps/react-dom_client.js:13505:26\nperformWorkUntilDeadline@http://localhost:3000/@fs/Users/spyder/work/metFixSites/metfix-redesign/node_modules/.vite/deps/react-dom_client.js:36:58"}
[2026-06-16T15:30:10.088Z] {"timestamp":1781623809939,"level":"DEBUG","args":["[vite]","hot updated: /src/pages/BecomeAnAffiliate.tsx"],"stack":null}
[2026-06-16T15:30:10.088Z] {"timestamp":1781623809939,"level":"DEBUG","args":["[vite]","hot updated: /src/index.css"],"stack":null}
[2026-06-16T15:30:12.089Z] {"timestamp":1781623811036,"level":"DEBUG","args":["[vite]","hot updated: /src/pages/BecomeAnAffiliate.tsx"],"stack":null}
[2026-06-16T15:30:12.089Z] {"timestamp":1781623811036,"level":"DEBUG","args":["[vite]","hot updated: /src/index.css"],"stack":null}
[2026-06-16T15:30:14.089Z] {"timestamp":1781623812646,"level":"DEBUG","args":["[vite]","hot updated: /src/pages/BecomeAnAffiliate.tsx"],"stack":null}
[2026-06-16T15:30:14.090Z] {"timestamp":1781623812646,"level":"DEBUG","args":["[vite]","hot updated: /src/index.css"],"stack":null}
[2026-06-16T15:30:30.548Z] {"timestamp":1781623828533,"level":"DEBUG","args":["[Manus] Debug collector initialized (no rrweb, UI events only)"],"stack":null}
[2026-06-16T15:30:30.548Z] {"timestamp":1781623828543,"level":"DEBUG","args":["[vite] connected."],"stack":null}
[2026-06-16T15:30:36.588Z] {"timestamp":1781623834565,"level":"DEBUG","args":["[Manus] Debug collector initialized (no rrweb, UI events only)"],"stack":null}
[2026-06-16T15:30:36.588Z] {"timestamp":1781623834576,"level":"DEBUG","args":["[vite] connected."],"stack":null}
[2026-06-16T15:32:19.201Z] {"timestamp":1781623939047,"level":"DEBUG","args":["[vite]","hot updated: /src/pages/Home.tsx"],"stack":null}
[2026-06-16T15:32:19.201Z] {"timestamp":1781623939047,"level":"DEBUG","args":["[vite]","hot updated: /src/index.css"],"stack":null}
[2026-06-16T15:32:22.260Z] {"timestamp":1781623940278,"level":"DEBUG","args":["[vite]","hot updated: /src/pages/Home.tsx"],"stack":null}
[2026-06-16T15:32:22.260Z] {"timestamp":1781623940278,"level":"DEBUG","args":["[vite]","hot updated: /src/index.css"],"stack":null}
[2026-06-16T15:32:22.260Z] {"timestamp":1781623941191,"level":"DEBUG","args":["[vite]","hot updated: /src/pages/Home.tsx"],"stack":null}
[2026-06-16T15:32:22.260Z] {"timestamp":1781623941191,"level":"DEBUG","args":["[vite]","hot updated: /src/index.css"],"stack":null}
[2026-06-16T15:32:42.900Z] {"timestamp":1781623960898,"level":"DEBUG","args":["[Manus] Debug collector initialized (no rrweb, UI events only)"],"stack":null}
[2026-06-16T15:32:42.900Z] {"timestamp":1781623960907,"level":"DEBUG","args":["[vite] connected."],"stack":null}
[2026-06-16T15:36:05.165Z] {"timestamp":1781624163613,"level":"DEBUG","args":["[vite]","hot updated: /src/pages/Home.tsx"],"stack":null}
[2026-06-16T15:36:05.165Z] {"timestamp":1781624163613,"level":"DEBUG","args":["[vite]","hot updated: /src/index.css"],"stack":null}
[2026-06-16T15:36:23.170Z] {"timestamp":1781624181448,"level":"DEBUG","args":["[vite]","hot updated: /src/pages/Home.tsx"],"stack":null}
[2026-06-16T15:36:23.170Z] {"timestamp":1781624181448,"level":"DEBUG","args":["[vite]","hot updated: /src/index.css"],"stack":null}
[2026-06-16T15:37:30.277Z] {"timestamp":1781624248176,"level":"DEBUG","args":["[vite]","hot updated: /src/pages/Home.tsx"],"stack":null}
[2026-06-16T15:37:30.277Z] {"timestamp":1781624248176,"level":"DEBUG","args":["[vite]","hot updated: /src/index.css"],"stack":null}
[2026-06-16T15:37:30.277Z] {"timestamp":1781624249892,"level":"DEBUG","args":["[vite]","hot updated: /src/pages/Home.tsx"],"stack":null}
[2026-06-16T15:37:30.277Z] {"timestamp":1781624249892,"level":"DEBUG","args":["[vite]","hot updated: /src/index.css"],"stack":null}
[2026-06-16T15:38:52.175Z] {"timestamp":1781624330695,"level":"DEBUG","args":["[vite]","hot updated: /src/pages/Home.tsx"],"stack":null}
[2026-06-16T15:38:52.175Z] {"timestamp":1781624330695,"level":"DEBUG","args":["[vite]","hot updated: /src/index.css"],"stack":null}
[2026-06-16T15:40:11.219Z] {"timestamp":1781624410057,"level":"DEBUG","args":["[vite]","hot updated: /src/pages/Home.tsx"],"stack":null}
[2026-06-16T15:40:11.219Z] {"timestamp":1781624410057,"level":"DEBUG","args":["[vite]","hot updated: /src/index.css"],"stack":null}
[2026-06-16T15:40:45.690Z] {"timestamp":1781624443686,"level":"DEBUG","args":["[Manus] Debug collector initialized (no rrweb, UI events only)"],"stack":null}
[2026-06-16T15:40:45.690Z] {"timestamp":1781624443701,"level":"DEBUG","args":["[vite] connected."],"stack":null}
[2026-06-16T15:40:47.691Z] {"timestamp":1781624446588,"level":"DEBUG","args":["[vite]","hot updated: /src/pages/Home.tsx"],"stack":null}
[2026-06-16T15:40:47.691Z] {"timestamp":1781624446588,"level":"DEBUG","args":["[vite]","hot updated: /src/index.css"],"stack":null}
[2026-06-16T15:41:37.710Z] {"timestamp":1781624496119,"level":"DEBUG","args":["[vite]","hot updated: /src/pages/Home.tsx"],"stack":null}
[2026-06-16T15:41:37.710Z] {"timestamp":1781624496119,"level":"DEBUG","args":["[vite]","hot updated: /src/index.css"],"stack":null}
[2026-06-16T15:42:48.196Z] {"timestamp":1781624566791,"level":"DEBUG","args":["[vite]","hot updated: /src/pages/Home.tsx"],"stack":null}
[2026-06-16T15:42:48.196Z] {"timestamp":1781624566791,"level":"DEBUG","args":["[vite]","hot updated: /src/index.css"],"stack":null}
[2026-06-16T15:44:22.226Z] {"timestamp":1781624661226,"level":"DEBUG","args":["[vite]","hot updated: /src/pages/Home.tsx"],"stack":null}
[2026-06-16T15:44:22.226Z] {"timestamp":1781624661226,"level":"DEBUG","args":["[vite]","hot updated: /src/index.css"],"stack":null}
[2026-06-16T15:45:56.281Z] {"timestamp":1781624755109,"level":"DEBUG","args":["[vite]","hot updated: /src/pages/Home.tsx"],"stack":null}
[2026-06-16T15:45:56.281Z] {"timestamp":1781624755109,"level":"DEBUG","args":["[vite]","hot updated: /src/index.css"],"stack":null}
[2026-06-16T15:46:51.289Z] {"timestamp":1781624810302,"level":"DEBUG","args":["[vite]","hot updated: /src/pages/Home.tsx"],"stack":null}
[2026-06-16T15:46:51.289Z] {"timestamp":1781624810302,"level":"DEBUG","args":["[vite]","hot updated: /src/index.css"],"stack":null}
[2026-06-16T15:47:49.425Z] {"timestamp":1781624869298,"level":"DEBUG","args":["[vite]","hot updated: /src/pages/Home.tsx"],"stack":null}
[2026-06-16T15:47:49.425Z] {"timestamp":1781624869298,"level":"DEBUG","args":["[vite]","hot updated: /src/index.css"],"stack":null}
[2026-06-16T15:48:11.436Z] {"timestamp":1781624889462,"level":"DEBUG","args":["[vite]","hot updated: /src/pages/Home.tsx"],"stack":null}
[2026-06-16T15:48:11.436Z] {"timestamp":1781624889462,"level":"DEBUG","args":["[vite]","hot updated: /src/index.css"],"stack":null}
[2026-06-16T15:52:02.277Z] {"timestamp":1781625121377,"level":"DEBUG","args":["[vite]","hot updated: /src/pages/Home.tsx"],"stack":null}
[2026-06-16T15:52:02.277Z] {"timestamp":1781625121377,"level":"DEBUG","args":["[vite]","hot updated: /src/index.css"],"stack":null}
[2026-06-16T15:52:20.291Z] {"timestamp":1781625138820,"level":"DEBUG","args":["[vite]","hot updated: /src/pages/Home.tsx"],"stack":null}
[2026-06-16T15:52:20.291Z] {"timestamp":1781625138820,"level":"DEBUG","args":["[vite]","hot updated: /src/index.css"],"stack":null}
[2026-06-16T15:53:18.280Z] {"timestamp":1781625198207,"level":"DEBUG","args":["[vite]","hot updated: /src/pages/Home.tsx"],"stack":null}
[2026-06-16T15:53:18.280Z] {"timestamp":1781625198207,"level":"DEBUG","args":["[vite]","hot updated: /src/index.css"],"stack":null}
[2026-06-16T15:53:31.421Z] {"timestamp":1781625209416,"level":"DEBUG","args":["[Manus] Debug collector initialized (no rrweb, UI events only)"],"stack":null}
[2026-06-16T15:53:31.421Z] {"timestamp":1781625209429,"level":"DEBUG","args":["[vite] connected."],"stack":null}
[2026-06-16T15:55:11.280Z] {"timestamp":1781625310873,"level":"DEBUG","args":["[vite]","hot updated: /src/pages/Home.tsx"],"stack":null}
[2026-06-16T15:55:11.280Z] {"timestamp":1781625310873,"level":"DEBUG","args":["[vite]","hot updated: /src/index.css"],"stack":null}
[2026-06-16T15:55:13.283Z] {"timestamp":1781625311563,"level":"DEBUG","args":["[vite]","hot updated: /src/pages/Home.tsx"],"stack":null}
[2026-06-16T15:55:13.283Z] {"timestamp":1781625311563,"level":"DEBUG","args":["[vite]","hot updated: /src/index.css"],"stack":null}
[2026-06-16T15:55:13.283Z] {"timestamp":1781625311589,"level":"ERROR","args":["%o\n\n%s\n\n%s\n",{"type":"Error","message":"Can't find variable: handleNewsletterSubmit","stack":"Home@http://localhost:3000/src/pages/Home.tsx:2917:131\nreact_stack_bottom_frame@http://localhost:3000/@fs/Users/spyder/work/metFixSites/metfix-redesign/node_modules/.vite/deps/react-dom_client.js:18509:29\nrenderWithHooks@http://localhost:3000/@fs/Users/spyder/work/metFixSites/metfix-redesign/node_modules/.vite/deps/react-dom_client.js:5654:42\nupdateFunctionComponent@http://localhost:3000/@fs/Users/spyder/work/metFixSites/metfix-redesign/node_modules/.vite/deps/react-dom_client.js:7475:36\nrunWithFiberInDEV@http://localhost:3000/@fs/Users/spyder/work/metFixSites/metfix-redesign/node_modules/.vite/deps/react-dom_client.js:999:23\nperformUnitOfWork@http://localhost:3000/@fs/Users/spyder/work/metFixSites/metfix-redesign/node_modules/.vite/deps/react-dom_client.js:12561:115\nworkLoopSync@http://localhost:3000/@fs/Users/spyder/work/metFixSites/metfix-redesign/node_modules/.vite/deps/react-dom_client.js:12424:60\nrenderRootSync@http://localhost:3000/@fs/Users/spyder/work/metFixSites/metfix-redesign/node_modules/.vite/deps/react-dom_client.js:12408:25\nperformWorkOnRoot@http://localhost:3000/@fs/Users/spyder/work/metFixSites/metfix-redesign/node_modules/.vite/deps/react-dom_client.js:11827:51\nperformSyncWorkOnRoot@http://localhost:3000/@fs/Users/spyder/work/metFixSites/metfix-redesign/node_modules/.vite/deps/react-dom_client.js:13517:26\nflushSyncWorkAcrossRoots_impl@http://localhost:3000/@fs/Users/spyder/work/metFixSites/metfix-redesign/node_modules/.vite/deps/react-dom_client.js:13414:143\nflushSyncWork$1@http://localhost:3000/@fs/Users/spyder/work/metFixSites/metfix-redesign/node_modules/.vite/deps/react-dom_client.js:12076:115\nscheduleRefresh@http://localhost:3000/@fs/Users/spyder/work/metFixSites/metfix-redesign/node_modules/.vite/deps/react-dom_client.js:372:26\n@http://localhost:3000/@react-refresh:228:32\nforEach@[native code]\nperformReactRefresh@http://localhost:3000/@react-refresh:217:33\n@http://localhost:3000/@react-refresh:604:22\n@http://localhost:3000/@react-refresh:602:39"},"The above error occurred in the <Home> component.","React will try to recreate this component tree from scratch using the error boundary you provided, ErrorBoundary."],"stack":"@http://localhost:3000/__manus__/debug-collector.js:391:46\ndefaultOnCaughtError@http://localhost:3000/@fs/Users/spyder/work/metFixSites/metfix-redesign/node_modules/.vite/deps/react-dom_client.js:7001:24\nlogCaughtError@http://localhost:3000/@fs/Users/spyder/work/metFixSites/metfix-redesign/node_modules/.vite/deps/react-dom_client.js:7033:24\nrunWithFiberInDEV@http://localhost:3000/@fs/Users/spyder/work/metFixSites/metfix-redesign/node_modules/.vite/deps/react-dom_client.js:999:23\n@http://localhost:3000/@fs/Users/spyder/work/metFixSites/metfix-redesign/node_modules/.vite/deps/react-dom_client.js:7066:30\ncallCallback@http://localhost:3000/@fs/Users/spyder/work/metFixSites/metfix-redesign/node_modules/.vite/deps/react-dom_client.js:5491:22\ncommitCallbacks@http://localhost:3000/@fs/Users/spyder/work/metFixSites/metfix-redesign/node_modules/.vite/deps/react-dom_client.js:5503:25\nrunWithFiberInDEV@http://localhost:3000/@fs/Users/spyder/work/metFixSites/metfix-redesign/node_modules/.vite/deps/react-dom_client.js:999:23\ncommitClassCallbacks@http://localhost:3000/@fs/Users/spyder/work/metFixSites/metfix-redesign/node_modules/.vite/deps/react-dom_client.js:9490:30\ncommitLayoutEffectOnFiber@http://localhost:3000/@fs/Users/spyder/work/metFixSites/metfix-redesign/node_modules/.vite/deps/react-dom_client.js:9958:47\nrecursivelyTraverseLayoutEffects@http://localhost:3000/@fs/Users/spyder/work/metFixSites/metfix-redesign/node_modules/.vite/deps/react-dom_client.js:10792:38\ncommitLayoutEffectOnFiber@http://localhost:3000/@fs/Users/spyder/work/metFixSites/metfix-redesign/node_modules/.vite/deps/react-dom_client.js:9903:45\nrecursivelyTraverseLayoutEffects@http://localhost:3000/@fs/Users/spyder/work/metFixSites/metfix-redesign/node_modules/.vite/deps/react-dom_client.js:10792:38\ncommitLayoutEffectOnFiber@http://localhost:3000/@fs/Users/spyder/work/metFixSites/metfix-redesign/node_modules/.vite/deps/react-dom_client.js:9963:45\nflushLayoutEffects@http://localhost:3000/@fs/Users/spyder/work/metFixSites/metfix-redesign/node_modules/.vite/deps/react-dom_client.js:12924:145\ncommitRoot@http://localhost:3000/@fs/Users/spyder/work/metFixSites/metfix-redesign/node_modules/.vite/deps/react-dom_client.js:12803:29\ncommitRootWhenReady@http://localhost:3000/@fs/Users/spyder/work/metFixSites/metfix-redesign/node_modules/.vite/deps/react-dom_client.js:12016:19\nperformWorkOnRoot@http://localhost:3000/@fs/Users/spyder/work/metFixSites/metfix-redesign/node_modules/.vite/deps/react-dom_client.js:11950:36\nperformSyncWorkOnRoot@http://localhost:3000/@fs/Users/spyder/work/metFixSites/metfix-redesign/node_modules/.vite/deps/react-dom_client.js:13517:26\nflushSyncWorkAcrossRoots_impl@http://localhost:3000/@fs/Users/spyder/work/metFixSites/metfix-redesign/node_modules/.vite/deps/react-dom_client.js:13414:143\nflushSyncWork$1@http://localhost:3000/@fs/Users/spyder/work/metFixSites/metfix-redesign/node_modules/.vite/deps/react-dom_client.js:12076:115\nscheduleRefresh@http://localhost:3000/@fs/Users/spyder/work/metFixSites/metfix-redesign/node_modules/.vite/deps/react-dom_client.js:372:26\n@http://localhost:3000/@react-refresh:228:32\nforEach@[native code]\nperformReactRefresh@http://localhost:3000/@react-refresh:217:33\n@http://localhost:3000/@react-refresh:604:22\n@http://localhost:3000/@react-refresh:602:39"}
[2026-06-16T15:55:19.284Z] {"timestamp":1781625317698,"level":"DEBUG","args":["[vite]","hot updated: /src/pages/Home.tsx"],"stack":null}
[2026-06-16T15:55:19.284Z] {"timestamp":1781625317699,"level":"DEBUG","args":["[vite]","hot updated: /src/index.css"],"stack":null}
[2026-06-16T15:56:19.306Z] {"timestamp":1781625378346,"level":"DEBUG","args":["[vite]","hot updated: /src/pages/Home.tsx"],"stack":null}
[2026-06-16T15:56:19.306Z] {"timestamp":1781625378347,"level":"DEBUG","args":["[vite]","hot updated: /src/index.css"],"stack":null}
[2026-06-16T15:57:17.327Z] {"timestamp":1781625437119,"level":"DEBUG","args":["[vite]","hot updated: /src/pages/Home.tsx"],"stack":null}
[2026-06-16T15:57:17.327Z] {"timestamp":1781625437119,"level":"DEBUG","args":["[vite]","hot updated: /src/index.css"],"stack":null}
[2026-06-16T15:58:01.555Z] {"timestamp":1781625479551,"level":"DEBUG","args":["[Manus] Debug collector initialized (no rrweb, UI events only)"],"stack":null}
[2026-06-16T15:58:01.555Z] {"timestamp":1781625479562,"level":"DEBUG","args":["[vite] connected."],"stack":null}
[2026-06-16T15:59:39.201Z] {"timestamp":1781625577796,"level":"DEBUG","args":["[vite]","hot updated: /src/pages/Home.tsx"],"stack":null}
[2026-06-16T15:59:39.201Z] {"timestamp":1781625577796,"level":"DEBUG","args":["[vite]","hot updated: /src/index.css"],"stack":null}
[2026-06-16T16:01:51.488Z] {"timestamp":1781625711151,"level":"DEBUG","args":["[vite]","hot updated: /src/pages/Home.tsx"],"stack":null}
[2026-06-16T16:01:51.488Z] {"timestamp":1781625711151,"level":"DEBUG","args":["[vite]","hot updated: /src/index.css"],"stack":null}
[2026-06-16T16:01:54.283Z] {"timestamp":1781625712278,"level":"DEBUG","args":["[Manus] Debug collector initialized (no rrweb, UI events only)"],"stack":null}
[2026-06-16T16:01:54.283Z] {"timestamp":1781625712292,"level":"DEBUG","args":["[vite] connected."],"stack":null}
[2026-06-16T16:01:54.283Z] {"timestamp":1781625713557,"level":"DEBUG","args":["[vite]","hot updated: /src/pages/Home.tsx"],"stack":null}
[2026-06-16T16:01:54.283Z] {"timestamp":1781625713557,"level":"DEBUG","args":["[vite]","hot updated: /src/index.css"],"stack":null}
[2026-06-16T16:01:58.283Z] {"timestamp":1781625717799,"level":"DEBUG","args":["[vite]","hot updated: /src/pages/Home.tsx"],"stack":null}
[2026-06-16T16:01:58.283Z] {"timestamp":1781625717799,"level":"DEBUG","args":["[vite]","hot updated: /src/index.css"],"stack":null}
[2026-06-16T16:03:19.228Z] {"timestamp":1781625797544,"level":"DEBUG","args":["[vite]","hot updated: /src/pages/Home.tsx"],"stack":null}
[2026-06-16T16:03:19.228Z] {"timestamp":1781625797544,"level":"DEBUG","args":["[vite]","hot updated: /src/index.css"],"stack":null}
[2026-06-16T16:04:13.247Z] {"timestamp":1781625852245,"level":"DEBUG","args":["[vite]","hot updated: /src/pages/Home.tsx"],"stack":null}
[2026-06-16T16:04:13.247Z] {"timestamp":1781625852245,"level":"DEBUG","args":["[vite]","hot updated: /src/index.css"],"stack":null}
[2026-06-16T16:04:15.247Z] {"timestamp":1781625853738,"level":"DEBUG","args":["[vite]","hot updated: /src/pages/Home.tsx"],"stack":null}
[2026-06-16T16:04:15.247Z] {"timestamp":1781625853738,"level":"DEBUG","args":["[vite]","hot updated: /src/index.css"],"stack":null}
[2026-06-16T16:04:27.439Z] {"timestamp":1781625865404,"level":"DEBUG","args":["[Manus] Debug collector initialized (no rrweb, UI events only)"],"stack":null}
[2026-06-16T16:04:27.439Z] {"timestamp":1781625865415,"level":"DEBUG","args":["[vite] connected."],"stack":null}
[2026-06-16T16:04:44.476Z] {"timestamp":1781625882461,"level":"DEBUG","args":["[Manus] Debug collector initialized (no rrweb, UI events only)"],"stack":null}
[2026-06-16T16:04:44.476Z] {"timestamp":1781625882475,"level":"DEBUG","args":["[vite] connected."],"stack":null}
[2026-06-16T16:07:58.226Z] {"timestamp":1781626077869,"level":"DEBUG","args":["[vite]","hot updated: /src/pages/Classes.tsx"],"stack":null}
[2026-06-16T16:07:58.226Z] {"timestamp":1781626077869,"level":"DEBUG","args":["[vite]","hot updated: /src/index.css"],"stack":null}
[2026-06-16T16:08:00.228Z] {"timestamp":1781626078472,"level":"DEBUG","args":["[vite]","hot updated: /src/pages/Classes.tsx"],"stack":null}
[2026-06-16T16:08:00.228Z] {"timestamp":1781626078472,"level":"DEBUG","args":["[vite]","hot updated: /src/index.css"],"stack":null}
[2026-06-16T16:08:00.228Z] {"timestamp":1781626079064,"level":"DEBUG","args":["[vite]","hot updated: /src/pages/Classes.tsx"],"stack":null}
[2026-06-16T16:08:00.228Z] {"timestamp":1781626079064,"level":"DEBUG","args":["[vite]","hot updated: /src/index.css"],"stack":null}
[2026-06-16T16:08:02.230Z] {"timestamp":1781626080998,"level":"DEBUG","args":["[vite]","hot updated: /src/pages/Classes.tsx"],"stack":null}
[2026-06-16T16:08:02.230Z] {"timestamp":1781626080998,"level":"DEBUG","args":["[vite]","hot updated: /src/index.css"],"stack":null}
[2026-06-16T16:08:04.229Z] {"timestamp":1781626083210,"level":"DEBUG","args":["[vite]","hot updated: /src/pages/Classes.tsx"],"stack":null}
[2026-06-16T16:08:04.229Z] {"timestamp":1781626083210,"level":"DEBUG","args":["[vite]","hot updated: /src/index.css"],"stack":null}
[2026-06-16T16:08:06.229Z] {"timestamp":1781626086140,"level":"DEBUG","args":["[vite]","hot updated: /src/pages/Classes.tsx"],"stack":null}
[2026-06-16T16:08:06.229Z] {"timestamp":1781626086140,"level":"DEBUG","args":["[vite]","hot updated: /src/index.css"],"stack":null}
[2026-06-16T16:09:02.249Z] {"timestamp":1781626141538,"level":"DEBUG","args":["[vite]","hot updated: /src/pages/Classes.tsx"],"stack":null}
[2026-06-16T16:09:02.249Z] {"timestamp":1781626141538,"level":"DEBUG","args":["[vite]","hot updated: /src/index.css"],"stack":null}
[2026-06-16T16:09:02.249Z] {"timestamp":1781626142238,"level":"DEBUG","args":["[vite]","hot updated: /src/pages/Classes.tsx"],"stack":null}
[2026-06-16T16:09:02.249Z] {"timestamp":1781626142238,"level":"DEBUG","args":["[vite]","hot updated: /src/index.css"],"stack":null}
[2026-06-16T16:09:04.251Z] {"timestamp":1781626143808,"level":"ERROR","args":["[vite]",{"type":"Error","message":"Importing a module script failed."}],"stack":"@http://localhost:3000/__manus__/debug-collector.js:391:46\nwarnFailedUpdate@http://localhost:3000/@vite/client:180:83\n@http://localhost:3000/@vite/client:212:26"}
[2026-06-16T16:09:04.251Z] {"timestamp":1781626143809,"level":"ERROR","args":["[vite]","Failed to reload /src/pages/Classes.tsx. This could be due to syntax errors or importing non-existent modules. (see errors above)"],"stack":"@http://localhost:3000/__manus__/debug-collector.js:391:46\nwarnFailedUpdate@http://localhost:3000/@vite/client:181:20\n@http://localhost:3000/@vite/client:212:26"}
[2026-06-16T16:09:04.251Z] {"timestamp":1781626143829,"level":"DEBUG","args":["[vite]","hot updated: /src/pages/Classes.tsx"],"stack":null}
[2026-06-16T16:09:04.251Z] {"timestamp":1781626143829,"level":"DEBUG","args":["[vite]","hot updated: /src/index.css"],"stack":null}
[2026-06-16T16:09:18.257Z] {"timestamp":1781626156265,"level":"DEBUG","args":["[vite]","hot updated: /src/pages/Classes.tsx"],"stack":null}
[2026-06-16T16:09:18.257Z] {"timestamp":1781626156265,"level":"DEBUG","args":["[vite]","hot updated: /src/index.css"],"stack":null}
[2026-06-16T16:10:48.295Z] {"timestamp":1781626247133,"level":"DEBUG","args":["[vite]","hot updated: /src/pages/Classes.tsx"],"stack":null}
[2026-06-16T16:10:48.295Z] {"timestamp":1781626247133,"level":"DEBUG","args":["[vite]","hot updated: /src/index.css"],"stack":null}
[2026-06-16T16:10:50.297Z] {"timestamp":1781626249555,"level":"DEBUG","args":["[vite]","hot updated: /src/pages/Classes.tsx"],"stack":null}
[2026-06-16T16:10:50.297Z] {"timestamp":1781626249555,"level":"DEBUG","args":["[vite]","hot updated: /src/index.css"],"stack":null}
[2026-06-16T16:10:52.296Z] {"timestamp":1781626250674,"level":"DEBUG","args":["[vite]","hot updated: /src/pages/Classes.tsx"],"stack":null}
[2026-06-16T16:10:52.297Z] {"timestamp":1781626250674,"level":"DEBUG","args":["[vite]","hot updated: /src/index.css"],"stack":null}
[2026-06-16T16:11:57.719Z] {"timestamp":1781626315715,"level":"DEBUG","args":["[Manus] Debug collector initialized (no rrweb, UI events only)"],"stack":null}
[2026-06-16T16:11:57.719Z] {"timestamp":1781626315746,"level":"DEBUG","args":["[vite] connected."],"stack":null}
[2026-06-16T16:12:05.720Z] {"timestamp":1781626324714,"level":"DEBUG","args":["[vite]","hot updated: /src/pages/Classes.tsx"],"stack":null}
[2026-06-16T16:12:05.720Z] {"timestamp":1781626324714,"level":"DEBUG","args":["[vite]","hot updated: /src/index.css"],"stack":null}
[2026-06-16T16:12:32.400Z] {"timestamp":1781626350340,"level":"DEBUG","args":["[Manus] Debug collector initialized (no rrweb, UI events only)"],"stack":null}
[2026-06-16T16:12:32.400Z] {"timestamp":1781626350352,"level":"DEBUG","args":["[vite] connected."],"stack":null}
[2026-06-16T16:12:36.403Z] {"timestamp":1781626355767,"level":"DEBUG","args":["[vite]","hot updated: /src/components/GlobalNav.tsx"],"stack":null}
[2026-06-16T16:12:36.403Z] {"timestamp":1781626355767,"level":"DEBUG","args":["[vite]","hot updated: /src/index.css"],"stack":null}
[2026-06-16T16:12:38.407Z] {"timestamp":1781626356621,"level":"DEBUG","args":["[vite]","hot updated: /src/components/GlobalNav.tsx"],"stack":null}
[2026-06-16T16:12:38.407Z] {"timestamp":1781626356621,"level":"DEBUG","args":["[vite]","hot updated: /src/index.css"],"stack":null}
[2026-06-16T16:12:38.407Z] {"timestamp":1781626357498,"level":"DEBUG","args":["[vite]","hot updated: /src/components/GlobalNav.tsx"],"stack":null}
[2026-06-16T16:12:38.407Z] {"timestamp":1781626357498,"level":"DEBUG","args":["[vite]","hot updated: /src/index.css"],"stack":null}
[2026-06-16T16:14:24.353Z] {"timestamp":1781626462329,"level":"DEBUG","args":["[Manus] Debug collector initialized (no rrweb, UI events only)"],"stack":null}
[2026-06-16T16:14:24.353Z] {"timestamp":1781626462342,"level":"DEBUG","args":["[vite] connected."],"stack":null}
[2026-06-16T16:14:44.355Z] {"timestamp":1781626483544,"level":"DEBUG","args":["[vite]","hot updated: /src/pages/Home.tsx"],"stack":null}
[2026-06-16T16:14:44.355Z] {"timestamp":1781626483544,"level":"DEBUG","args":["[vite]","hot updated: /src/index.css"],"stack":null}
[2026-06-16T16:14:46.380Z] {"timestamp":1781626484951,"level":"DEBUG","args":["[vite]","hot updated: /src/pages/Home.tsx"],"stack":null}
[2026-06-16T16:14:46.380Z] {"timestamp":1781626484951,"level":"DEBUG","args":["[vite]","hot updated: /src/index.css"],"stack":null}
[2026-06-16T16:14:48.357Z] {"timestamp":1781626486402,"level":"DEBUG","args":["[vite]","hot updated: /src/components/GlobalNav.tsx"],"stack":null}
[2026-06-16T16:14:48.357Z] {"timestamp":1781626486403,"level":"DEBUG","args":["[vite]","hot updated: /src/index.css"],"stack":null}
[2026-06-16T16:14:48.357Z] {"timestamp":1781626487088,"level":"DEBUG","args":["[vite]","hot updated: /src/App.tsx"],"stack":null}
[2026-06-16T16:14:48.357Z] {"timestamp":1781626487088,"level":"DEBUG","args":["[vite]","hot updated: /src/index.css"],"stack":null}
[2026-06-16T16:15:04.623Z] {"timestamp":1781626502619,"level":"DEBUG","args":["[Manus] Debug collector initialized (no rrweb, UI events only)"],"stack":null}
[2026-06-16T16:15:04.623Z] {"timestamp":1781626502624,"level":"DEBUG","args":["[vite] connected."],"stack":null}
[2026-06-16T16:15:12.813Z] {"timestamp":1781626510799,"level":"DEBUG","args":["[Manus] Debug collector initialized (no rrweb, UI events only)"],"stack":null}
[2026-06-16T16:15:12.813Z] {"timestamp":1781626510810,"level":"DEBUG","args":["[vite] connected."],"stack":null}
[2026-06-16T16:15:33.347Z] {"timestamp":1781626531331,"level":"DEBUG","args":["[Manus] Debug collector initialized (no rrweb, UI events only)"],"stack":null}
[2026-06-16T16:15:33.347Z] {"timestamp":1781626531342,"level":"DEBUG","args":["[vite] connected."],"stack":null}
[2026-06-16T16:16:23.351Z] {"timestamp":1781626582324,"level":"DEBUG","args":["[vite]","hot updated: /src/pages/Home.tsx"],"stack":null}
[2026-06-16T16:16:23.351Z] {"timestamp":1781626582324,"level":"DEBUG","args":["[vite]","hot updated: /src/index.css"],"stack":null}
[2026-06-16T16:16:23.351Z] {"timestamp":1781626582946,"level":"DEBUG","args":["[vite]","hot updated: /src/pages/Home.tsx"],"stack":null}
[2026-06-16T16:16:23.351Z] {"timestamp":1781626582946,"level":"DEBUG","args":["[vite]","hot updated: /src/index.css"],"stack":null}
[2026-06-16T16:16:34.182Z] {"timestamp":1781626592180,"level":"DEBUG","args":["[Manus] Debug collector initialized (no rrweb, UI events only)"],"stack":null}
[2026-06-16T16:16:34.182Z] {"timestamp":1781626592194,"level":"DEBUG","args":["[vite] connected."],"stack":null}
[2026-06-16T16:17:12.950Z] {"timestamp":1781626630947,"level":"DEBUG","args":["[Manus] Debug collector initialized (no rrweb, UI events only)"],"stack":null}
[2026-06-16T16:17:12.950Z] {"timestamp":1781626630950,"level":"DEBUG","args":["[vite] connected."],"stack":null}
[2026-06-16T16:17:25.053Z] {"timestamp":1781626643704,"level":"DEBUG","args":["[vite]","hot updated: /src/components/GlobalNav.tsx"],"stack":null}
[2026-06-16T16:17:25.053Z] {"timestamp":1781626643704,"level":"DEBUG","args":["[vite]","hot updated: /src/index.css"],"stack":null}
[2026-06-16T16:17:25.053Z] {"timestamp":1781626644097,"level":"DEBUG","args":["[vite]","hot updated: /src/components/GlobalNav.tsx"],"stack":null}
[2026-06-16T16:17:25.053Z] {"timestamp":1781626644097,"level":"DEBUG","args":["[vite]","hot updated: /src/index.css"],"stack":null}
[2026-06-16T16:17:27.055Z] {"timestamp":1781626645416,"level":"DEBUG","args":["[vite]","hot updated: /src/components/GlobalNav.tsx"],"stack":null}
[2026-06-16T16:17:27.055Z] {"timestamp":1781626645416,"level":"DEBUG","args":["[vite]","hot updated: /src/index.css"],"stack":null}
[2026-06-16T16:17:35.371Z] {"timestamp":1781626653359,"level":"DEBUG","args":["[Manus] Debug collector initialized (no rrweb, UI events only)"],"stack":null}
[2026-06-16T16:17:35.371Z] {"timestamp":1781626653370,"level":"DEBUG","args":["[vite] connected."],"stack":null}
[2026-06-16T16:17:42.384Z] {"timestamp":1781626660377,"level":"DEBUG","args":["[Manus] Debug collector initialized (no rrweb, UI events only)"],"stack":null}
[2026-06-16T16:17:42.384Z] {"timestamp":1781626660387,"level":"DEBUG","args":["[vite] connected."],"stack":null}
[2026-06-16T16:17:45.632Z] {"timestamp":1781626663608,"level":"DEBUG","args":["[Manus] Debug collector initialized (no rrweb, UI events only)"],"stack":null}
[2026-06-16T16:17:45.632Z] {"timestamp":1781626663619,"level":"DEBUG","args":["[vite] connected."],"stack":null}
[2026-06-16T16:17:56.118Z] {"timestamp":1781626674116,"level":"DEBUG","args":["[Manus] Debug collector initialized (no rrweb, UI events only)"],"stack":null}
[2026-06-16T16:17:56.118Z] {"timestamp":1781626674125,"level":"DEBUG","args":["[vite] connected."],"stack":null}
[2026-06-16T16:17:58.279Z] {"timestamp":1781626676252,"level":"DEBUG","args":["[Manus] Debug collector initialized (no rrweb, UI events only)"],"stack":null}
[2026-06-16T16:17:58.279Z] {"timestamp":1781626676265,"level":"DEBUG","args":["[vite] connected."],"stack":null}
[2026-06-16T16:18:22.563Z] {"timestamp":1781626700562,"level":"DEBUG","args":["[Manus] Debug collector initialized (no rrweb, UI events only)"],"stack":null}
[2026-06-16T16:18:22.563Z] {"timestamp":1781626700574,"level":"DEBUG","args":["[vite] connected."],"stack":null}
[2026-06-16T16:18:32.989Z] {"timestamp":1781626710985,"level":"DEBUG","args":["[Manus] Debug collector initialized (no rrweb, UI events only)"],"stack":null}
[2026-06-16T16:18:32.989Z] {"timestamp":1781626710996,"level":"DEBUG","args":["[vite] connected."],"stack":null}
[2026-06-16T16:20:11.241Z] {"timestamp":1781626809453,"level":"DEBUG","args":["[vite]","hot updated: /src/pages/Classes.tsx"],"stack":null}
[2026-06-16T16:20:11.241Z] {"timestamp":1781626809453,"level":"DEBUG","args":["[vite]","hot updated: /src/index.css"],"stack":null}
[2026-06-16T16:20:49.251Z] {"timestamp":1781626848938,"level":"DEBUG","args":["[vite]","hot updated: /src/pages/Home.tsx"],"stack":null}
[2026-06-16T16:20:49.251Z] {"timestamp":1781626848938,"level":"DEBUG","args":["[vite]","hot updated: /src/index.css"],"stack":null}
[2026-06-16T16:20:51.253Z] {"timestamp":1781626850890,"level":"DEBUG","args":["[vite]","hot updated: /src/pages/BecomeAnAffiliate.tsx"],"stack":null}
[2026-06-16T16:20:51.253Z] {"timestamp":1781626850890,"level":"DEBUG","args":["[vite]","hot updated: /src/index.css"],"stack":null}
[2026-06-16T16:21:08.198Z] {"timestamp":1781626866189,"level":"DEBUG","args":["[Manus] Debug collector initialized (no rrweb, UI events only)"],"stack":null}
[2026-06-16T16:21:08.198Z] {"timestamp":1781626866194,"level":"DEBUG","args":["[vite] connected."],"stack":null}
[2026-06-16T16:21:15.161Z] {"timestamp":1781626873133,"level":"DEBUG","args":["[Manus] Debug collector initialized (no rrweb, UI events only)"],"stack":null}
[2026-06-16T16:21:15.161Z] {"timestamp":1781626873148,"level":"DEBUG","args":["[vite] connected."],"stack":null}
[2026-06-16T16:22:19.422Z] {"timestamp":1781626937410,"level":"DEBUG","args":["[Manus] Debug collector initialized (no rrweb, UI events only)"],"stack":null}
[2026-06-16T16:22:19.422Z] {"timestamp":1781626937414,"level":"DEBUG","args":["[vite] connected."],"stack":null}
[2026-06-16T16:22:27.426Z] {"timestamp":1781626946477,"level":"DEBUG","args":["[vite]","hot updated: /src/pages/Home.tsx"],"stack":null}
[2026-06-16T16:22:27.426Z] {"timestamp":1781626946477,"level":"DEBUG","args":["[vite]","hot updated: /src/index.css"],"stack":null}
[2026-06-16T16:22:29.426Z] {"timestamp":1781626948488,"level":"DEBUG","args":["[vite]","hot updated: /src/pages/Home.tsx"],"stack":null}
[2026-06-16T16:22:29.426Z] {"timestamp":1781626948488,"level":"DEBUG","args":["[vite]","hot updated: /src/index.css"],"stack":null}
[2026-06-16T16:22:33.425Z] {"timestamp":1781626953132,"level":"DEBUG","args":["[vite]","hot updated: /src/pages/Home.tsx"],"stack":null}
[2026-06-16T16:22:33.425Z] {"timestamp":1781626953132,"level":"DEBUG","args":["[vite]","hot updated: /src/index.css"],"stack":null}
[2026-06-16T16:23:02.304Z] {"timestamp":1781626980295,"level":"DEBUG","args":["[Manus] Debug collector initialized (no rrweb, UI events only)"],"stack":null}
[2026-06-16T16:23:02.304Z] {"timestamp":1781626980301,"level":"DEBUG","args":["[vite] connected."],"stack":null}
[2026-06-16T16:25:43.650Z] {"timestamp":1781627141648,"level":"DEBUG","args":["[Manus] Debug collector initialized (no rrweb, UI events only)"],"stack":null}
[2026-06-16T16:25:43.650Z] {"timestamp":1781627141659,"level":"DEBUG","args":["[vite] connected."],"stack":null}
[2026-06-16T16:27:29.193Z] {"timestamp":1781627247999,"level":"DEBUG","args":["[vite]","hot updated: /src/pages/BecomeAnAffiliate.tsx"],"stack":null}
[2026-06-16T16:27:29.193Z] {"timestamp":1781627247999,"level":"DEBUG","args":["[vite]","hot updated: /src/index.css"],"stack":null}
[2026-06-16T16:27:36.938Z] {"timestamp":1781627254922,"level":"DEBUG","args":["[Manus] Debug collector initialized (no rrweb, UI events only)"],"stack":null}
[2026-06-16T16:27:36.938Z] {"timestamp":1781627254935,"level":"DEBUG","args":["[vite] connected."],"stack":null}
[2026-06-16T16:28:39.402Z] {"timestamp":1781627319125,"level":"DEBUG","args":["[vite]","hot updated: /src/pages/Home.tsx"],"stack":null}
[2026-06-16T16:28:39.402Z] {"timestamp":1781627319125,"level":"DEBUG","args":["[vite]","hot updated: /src/index.css"],"stack":null}
[2026-06-16T16:29:43.797Z] {"timestamp":1781627381795,"level":"DEBUG","args":["[Manus] Debug collector initialized (no rrweb, UI events only)"],"stack":null}
[2026-06-16T16:29:43.797Z] {"timestamp":1781627381801,"level":"DEBUG","args":["[vite] connected."],"stack":null}
[2026-06-16T16:30:12.478Z] {"timestamp":1781627410472,"level":"DEBUG","args":["[Manus] Debug collector initialized (no rrweb, UI events only)"],"stack":null}
[2026-06-16T16:30:12.478Z] {"timestamp":1781627410476,"level":"DEBUG","args":["[vite] connected."],"stack":null}
[2026-06-16T16:32:57.504Z] {"timestamp":1781627575500,"level":"DEBUG","args":["[Manus] Debug collector initialized (no rrweb, UI events only)"],"stack":null}
[2026-06-16T16:32:57.504Z] {"timestamp":1781627575507,"level":"DEBUG","args":["[vite] connected."],"stack":null}
